Removed Pin From Net: NetName=SDA Pin=CC1-25
Removed Pin From Net: NetName=SCL Pin=CC1-26
Added Pin To Net: NetName=SCL Pin=CC1-25
Added Pin To Net: NetName=SDA Pin=CC1-26
Added Member To Class: ClassName=schematic Member=Component C2 Cap
Added Member To Class: ClassName=schematic Member=Component C3 Cap
Added Member To Class: ClassName=schematic Member=Component C4 Cap
Added Member To Class: ClassName=schematic Member=Component C6 Cap
Added Member To Class: ClassName=schematic Member=Component C7 Cap
Added Member To Class: ClassName=schematic Member=Component C8 Cap
Added Member To Class: ClassName=schematic Member=Component C9 Cap
Added Member To Class: ClassName=schematic Member=Component C10 DNM
Added Member To Class: ClassName=schematic Member=Component C15 GRM32EC70J107ME15L
Added Member To Class: ClassName=schematic Member=Component C16 Cap
Added Member To Class: ClassName=schematic Member=Component C17 Cap
Added Member To Class: ClassName=schematic Member=Component C18 Cap
Added Member To Class: ClassName=schematic Member=Component C20 Cap
Added Member To Class: ClassName=schematic Member=Component C21 Cap
Added Member To Class: ClassName=schematic Member=Component C22 Chumidity
Added Member To Class: ClassName=schematic Member=Component C23 Cap
Added Member To Class: ClassName=schematic Member=Component L1 Inductor
Added Member To Class: ClassName=schematic Member=Component L2 BLM18HE152SN1D
Added Member To Class: ClassName=schematic Member=Component L3 MLZ2012N6R8LT000
Added Member To Class: ClassName=schematic Member=Component L4 Inductor
Added Member To Class: ClassName=schematic Member=Component R3 Res1
Added Member To Class: ClassName=schematic Member=Component R4 Res1
Added Member To Class: ClassName=schematic Member=Component R6 Res1
Added Member To Class: ClassName=schematic Member=Component R7 DNM
Added Member To Class: ClassName=schematic Member=Component U4 TPS22860
