Removed Pin From Net: NetName=GND Pin=C2-1
Removed Pin From Net: NetName=RF_N Pin=C7-1
Removed Pin From Net: NetName=GND Pin=C8-2
Removed Pin From Net: NetName=GND Pin=C9-2
Removed Pin From Net: NetName=GND Pin=C10-2
Removed Pin From Net: NetName=RF_P Pin=C15-1
Removed Pin From Net: NetName=GND Pin=C15-2
Removed Pin From Net: NetName=Vbat Pin=CC1-8
Removed Pin From Net: NetName=SDA Pin=CC1-9
Removed Pin From Net: NetName=SCL Pin=CC1-10
Removed Pin From Net: NetName=PWR_ON Pin=CC1-15
Removed Pin From Net: NetName=DRDYn Pin=CC1-16
Removed Pin From Net: NetName=EN_BYP Pin=CC1-23
Removed Pin From Net: NetName=UART_TX Pin=CC1-25
Removed Pin From Net: NetName=UART_RX Pin=CC1-26
Removed Pin From Net: NetName=NetAnt1_1 Pin=L2-1
Removed Pin From Net: NetName=GND Pin=L2-2
Removed Pin From Net: NetName=RF_N Pin=L3-1
Removed Pin From Net: NetName=RF_N Pin=L7-1
Removed Pin From Net: NetName=RF_P Pin=L7-2
Removed Pin From Net: NetName=RF_P Pin=L8-2
Removed Pin From Net: NetName=NetC1_1 Pin=R2-1
Removed Pin From Net: NetName=SDA Pin=R6-1
Removed Pin From Net: NetName=V_switch Pin=R6-2
Removed Pin From Net: NetName=SCL Pin=R7-1
Removed Pin From Net: NetName=V_switch Pin=R7-2
Removed Pin From Net: NetName=GND Pin=U5-2
Removed Pin From Net: NetName=V_switch Pin=U5-5
Removed Member From Class: ClassName=schematic Member=C24
Removed Member From Class: ClassName=schematic Member=C25
Removed Member From Class: ClassName=schematic Member=C26
Removed Member From Class: ClassName=schematic Member=C27
Removed Member From Class: ClassName=schematic Member=C28
Removed Member From Class: ClassName=schematic Member=C29
Removed Member From Class: ClassName=schematic Member=L5
Removed Member From Class: ClassName=schematic Member=L6
Removed Member From Class: ClassName=schematic Member=L7
Removed Member From Class: ClassName=schematic Member=L8
Removed Member From Class: ClassName=schematic Member=L9
Change Component Comment : Designator=U5 Old Comment=74LVC2G14, Inverting Schmitt Trigger New Comment=74LVC2G14
Change Component Comment : Designator=R2 Old Comment=DNM New Comment=
Change Component Designator: OldDesignator=C3 NewDesignator=C4
Change Component Designator: OldDesignator=C4 NewDesignator=C5
Change Component Designator: OldDesignator=C5 NewDesignator=C6
Change Component Designator: OldDesignator=C6 NewDesignator=C7
Change Component Designator: OldDesignator=C11 NewDesignator=C2
Change Component Designator: OldDesignator=C16 NewDesignator=C3
Change Component Designator: OldDesignator=C17 NewDesignator=C8
Change Component Designator: OldDesignator=C18 NewDesignator=C9
Change Component Designator: OldDesignator=C19 NewDesignator=C10
Change Component Designator: OldDesignator=C20 NewDesignator=C11
Change Component Designator: OldDesignator=C21 NewDesignator=C15
Change Component Designator: OldDesignator=C22 NewDesignator=C16
Change Component Designator: OldDesignator=C23 NewDesignator=C19
Change Component Designator: OldDesignator=C24 NewDesignator=C17
Change Component Designator: OldDesignator=C25 NewDesignator=C18
Change Component Designator: OldDesignator=C26 NewDesignator=C20
Change Component Designator: OldDesignator=C27 NewDesignator=C21
Change Component Designator: OldDesignator=C28 NewDesignator=C22
Change Component Designator: OldDesignator=C29 NewDesignator=C23
Change Component Designator: OldDesignator=L1 NewDesignator=L2
Change Component Designator: OldDesignator=L6 NewDesignator=L3
Change Component Designator: OldDesignator=L9 NewDesignator=L4
Change Component Designator: OldDesignator=R3 NewDesignator=R5
Change Component Designator: OldDesignator=R4 NewDesignator=R6
Change Component Designator: OldDesignator=R5 NewDesignator=R7
Change Component Designator: OldDesignator=U3 NewDesignator=U4
Change Component Designator: OldDesignator=U4 NewDesignator=U3
Added Component: Designator=*1(0850BM14E0016)
Add component. Clean all parameters for all variants
Added Component: Designator=L1(0603 (IND))
Add component. Clean all parameters for all variants
Add component (AddParameter): Name = "Code_IEC"; Value = "1005"; VariantName = "[No Variations]"
Add component (AddParameter): Name = "Code_JEITA"; Value = "0402"; VariantName = "[No Variations]"
Add component (AddParameter): Name = "LatestRevisionDate"; Value = "29-May-2009"; VariantName = "[No Variations]"
Add component (AddParameter): Name = "LatestRevisionNote"; Value = "IPC-7351 Footprint Added."; VariantName = "[No Variations]"
Add component (AddParameter): Name = "PackageDescription"; Value = "Chip Inductor"; VariantName = "[No Variations]"
Add component (AddParameter): Name = "PackageReference"; Value = "0402-A"; VariantName = "[No Variations]"
Add component (AddParameter): Name = "Published"; Value = "8-Jun-2000"; VariantName = "[No Variations]"
Add component (AddParameter): Name = "Publisher"; Value = "Altium Limited"; VariantName = "[No Variations]"
Add component (AddParameter): Name = "Value"; Value = "68nH"; VariantName = "[No Variations]"
Added Component: Designator=R3(0402 (RES))
Add component. Clean all parameters for all variants
Add component (AddParameter): Name = "LatestRevisionDate"; Value = "17-Jul-2002"; VariantName = "[No Variations]"
Add component (AddParameter): Name = "LatestRevisionNote"; Value = "Re-released for DXP Platform."; VariantName = "[No Variations]"
Add component (AddParameter): Name = "PackageDescription"; Value = "Axial Device, Thru-Hole; 2 Leads; 0.3 in Pin Spacing"; VariantName = "[No Variations]"
Add component (AddParameter): Name = "PackageReference"; Value = "AXIAL-0.3"; VariantName = "[No Variations]"
Add component (AddParameter): Name = "Published"; Value = "8-Jun-2000"; VariantName = "[No Variations]"
Add component (AddParameter): Name = "Publisher"; Value = "Altium Limited"; VariantName = "[No Variations]"
Add component (AddParameter): Name = "Value"; Value = "4.7K"; VariantName = "[No Variations]"
Added Component: Designator=R4(0402 (RES))
Add component. Clean all parameters for all variants
Add component (AddParameter): Name = "LatestRevisionDate"; Value = "17-Jul-2002"; VariantName = "[No Variations]"
Add component (AddParameter): Name = "LatestRevisionNote"; Value = "Re-released for DXP Platform."; VariantName = "[No Variations]"
Add component (AddParameter): Name = "PackageDescription"; Value = "Axial Device, Thru-Hole; 2 Leads; 0.3 in Pin Spacing"; VariantName = "[No Variations]"
Add component (AddParameter): Name = "PackageReference"; Value = "AXIAL-0.3"; VariantName = "[No Variations]"
Add component (AddParameter): Name = "Published"; Value = "8-Jun-2000"; VariantName = "[No Variations]"
Add component (AddParameter): Name = "Publisher"; Value = "Altium Limited"; VariantName = "[No Variations]"
Add component (AddParameter): Name = "Value"; Value = "4.7K"; VariantName = "[No Variations]"
Added Component: Designator=U6(74LVC2G14)
Add component. Clean all parameters for all variants
Added Pin To Net: NetName=RF_N Pin=*1-3
Added Pin To Net: NetName=RF_P Pin=*1-4
Added Pin To Net: NetName=GND Pin=*1-5
Added Pin To Net: NetName=GND Pin=*1-6
Added Pin To Net: NetName=PWR_ON Pin=CC1-8
Added Pin To Net: NetName=UART_RX Pin=CC1-9
Added Pin To Net: NetName=UART_TX Pin=CC1-10
Added Pin To Net: NetName=DRDYn Pin=CC1-15
Added Pin To Net: NetName=EN_BYP Pin=CC1-16
Added Pin To Net: NetName=Vbat Pin=CC1-24
Added Pin To Net: NetName=SDA Pin=CC1-25
Added Pin To Net: NetName=SCL Pin=CC1-26
Added Pin To Net: NetName=NetAnt1_1 Pin=L1-1
Added Pin To Net: NetName=GND Pin=L1-2
Added Pin To Net: NetName=NetC1_1 Pin=R2-2
Added Pin To Net: NetName=SCL Pin=R3-1
Added Pin To Net: NetName=V_switch Pin=R3-2
Added Pin To Net: NetName=SDA Pin=R4-1
Added Pin To Net: NetName=V_switch Pin=R4-2
Added Pin To Net: NetName=GND Pin=U6-2
Added Pin To Net: NetName=V_switch Pin=U6-5
Change Net Name : Old Net Name=NetC16_2 New Net Name=NetC3_2
Change Net Name : Old Net Name=NetC17_2 New Net Name=NetC8_2
Change Net Name : Old Net Name=NetC18_2 New Net Name=NetC9_2
Change Net Name : Old Net Name=NetC19_2 New Net Name=NetC10_2
Change Net Name : Old Net Name=NetC20_2 New Net Name=NetC11_2
Change Net Name : Old Net Name=NetC28_1 New Net Name=NetC22_1
Change Net Name : Old Net Name=NetL9_2 New Net Name=NetL4_2
Change Net Name : Old Net Name=NetR3_2 New Net Name=NetR5_2
Added Pin To Net: NetName=Net*1_1 Pin=*1-1
Added Pin To Net: NetName=Net*1_1 Pin=R2-1
Added Net: Name=Net*1_1
Added Pin To Net: NetName=Net*1_2 Pin=*1-2
Added Pin To Net: NetName=Net*1_2 Pin=CC1-4
Added Net: Name=Net*1_2
Added Pin To Net: NetName=NetCC1_23 Pin=CC1-23
Added Pin To Net: NetName=NetCC1_23 Pin=R9-2
Added Pin To Net: NetName=NetCC1_23 Pin=R11-2
Added Net: Name=NetCC1_23
Added Member To Class: ClassName=schematic Member=Component *1 0850BM14E0016
Added Member To Class: ClassName=schematic Member=Component U6 74LVC2G14, Inverting Schmitt Trigger
