Removed Pin From Net: NetName=NetBT1_1 Pin=Q1-2
Removed Pin From Net: NetName=NetC22_2 Pin=Q1-3
Removed Pin From Net: NetName=GND Pin=R10-2
Removed Member From Class: ClassName=schematic Member=Q1
Removed Member From Class: ClassName=schematic Member=R10
Change Component Comment : Designator=Y1 Old Comment=24MHz New Comment=TSX-3225 24.0000MF20G-AC3
Change Component Comment : Designator=R11 Old Comment=Photo Resistor New Comment=200K - 10K
Added Component: Designator=D?(SMB)
Add component. Clean all parameters for all variants
Add component (AddParameter): Name = "Code_JEDEC"; Value = "DO-214-AA"; VariantName = "[No Variations]"
Add component (AddParameter): Name = "LatestRevisionDate"; Value = "17-Jul-2002"; VariantName = "[No Variations]"
Add component (AddParameter): Name = "LatestRevisionNote"; Value = "Re-released for DXP Platform."; VariantName = "[No Variations]"
Add component (AddParameter): Name = "PackageDescription"; Value = "DO-214-AA/SMB; 2 C-Bend Leads; Body 5.3 x 3.6 mm, inc. leads (LxW)"; VariantName = "[No Variations]"
Add component (AddParameter): Name = "PackageReference"; Value = "SMB"; VariantName = "[No Variations]"
Add component (AddParameter): Name = "Published"; Value = "8-Jun-2000"; VariantName = "[No Variations]"
Add component (AddParameter): Name = "Publisher"; Value = "Altium Limited"; VariantName = "[No Variations]"
Added Component: Designator=P?(HDR1X2)
Add component. Clean all parameters for all variants
Add component (AddParameter): Name = "LatestRevisionDate"; Value = "17-Jul-2002"; VariantName = "[No Variations]"
Add component (AddParameter): Name = "LatestRevisionNote"; Value = "Re-released for DXP Platform."; VariantName = "[No Variations]"
Add component (AddParameter): Name = "Publisher"; Value = "Altium Limited"; VariantName = "[No Variations]"
Added Pin To Net: NetName=NetBT1_1 Pin=D?-1
Added Pin To Net: NetName=NetC22_2 Pin=P?-2
Added Pin To Net: NetName=V_switch Pin=U3-1
Added Pin To Net: NetName=NetD?_2 Pin=D?-2
Added Pin To Net: NetName=NetD?_2 Pin=P?-1
Added Net: Name=NetD?_2
Added Member To Class: ClassName=schematic Member=Component D? D Schottky
Added Member To Class: ClassName=schematic Member=Component P? Header 2
Added Room: Name=schematic
