Removed Pin From Net: NetName=GND Pin=U4-2
Removed Pin From Net: NetName=V_switch Pin=U4-5
Removed Member From Class: ClassName=schematic Member=R12
Change Component Comment : Designator=U4 Old Comment=74LVC2G14, Inverting Schmitt Trigger New Comment=74LVC2G14
Change Component Designator: OldDesignator=C4 NewDesignator=C24
Change Component Designator: OldDesignator=C5 NewDesignator=C25
Change Component Designator: OldDesignator=C6 NewDesignator=C3
Change Component Designator: OldDesignator=C7 NewDesignator=C4
Change Component Designator: OldDesignator=C8 NewDesignator=C5
Change Component Designator: OldDesignator=C9 NewDesignator=C6
Change Component Designator: OldDesignator=C10 NewDesignator=C7
Change Component Designator: OldDesignator=C11 NewDesignator=C8
Change Component Designator: OldDesignator=C12 NewDesignator=C9
Change Component Designator: OldDesignator=C13 NewDesignator=C10
Change Component Designator: OldDesignator=C14 NewDesignator=C12
Change Component Designator: OldDesignator=C15 NewDesignator=C13
Change Component Designator: OldDesignator=C16 NewDesignator=C14
Change Component Designator: OldDesignator=C17 NewDesignator=C15
Change Component Designator: OldDesignator=C18 NewDesignator=C16
Change Component Designator: OldDesignator=C19 NewDesignator=C17
Change Component Designator: OldDesignator=C20 NewDesignator=C18
Change Component Designator: OldDesignator=C21 NewDesignator=C22
Change Component Designator: OldDesignator=C22 NewDesignator=C23
Change Component Designator: OldDesignator=C23 NewDesignator=C29
Change Component Designator: OldDesignator=C24 NewDesignator=C11
Change Component Designator: OldDesignator=C25 NewDesignator=C19
Change Component Designator: OldDesignator=C26 NewDesignator=C20
Change Component Designator: OldDesignator=C27 NewDesignator=C26
Change Component Designator: OldDesignator=C28 NewDesignator=C27
Change Component Designator: OldDesignator=C29 NewDesignator=C21
Change Component Designator: OldDesignator=C? NewDesignator=C28
Change Component Designator: OldDesignator=CC1310 NewDesignator=CC1
Change Component Designator: OldDesignator=D? NewDesignator=D1
Change Component Designator: OldDesignator=L6 NewDesignator=L7
Change Component Designator: OldDesignator=L7 NewDesignator=L6
Change Component Designator: OldDesignator=P? NewDesignator=P1
Change Component Designator: OldDesignator=R3 NewDesignator=R6
Change Component Designator: OldDesignator=R4 NewDesignator=R7
Change Component Designator: OldDesignator=R5 NewDesignator=R3
Change Component Designator: OldDesignator=R6 NewDesignator=R8
Change Component Designator: OldDesignator=R7 NewDesignator=R10
Change Component Designator: OldDesignator=R8 NewDesignator=R4
Change Component Designator: OldDesignator=R9 NewDesignator=R5
Change Component Designator: OldDesignator=R11 NewDesignator=R9
Change Component Designator: OldDesignator=R12 NewDesignator=R11
Change Component Designator: OldDesignator=U2 NewDesignator=U4
Change Component Designator: OldDesignator=U3 NewDesignator=U2
Change Component Designator: OldDesignator=U4 NewDesignator=U5
Change Component Designator: OldDesignator=U5 NewDesignator=U3
Change Component Designator: OldDesignator=Y2 NewDesignator=Y1
Change Component Designator: OldDesignator=Y? NewDesignator=Y2
Added Component: Designator=U6(74LVC2G14)
Add component. Clean all parameters for all variants
Added Pin To Net: NetName=GND Pin=U6-2
Added Pin To Net: NetName=V_switch Pin=U6-5
Change Net Name : Old Net Name=NetC10_1 New Net Name=NetC7_1
Change Net Name : Old Net Name=NetC10_2 New Net Name=NetC7_2
Change Net Name : Old Net Name=NetC12_1 New Net Name=NetC9_1
Change Net Name : Old Net Name=NetC13_1 New Net Name=NetC10_1
Change Net Name : Old Net Name=NetC17_1 New Net Name=NetC15_1
Change Net Name : Old Net Name=NetC18_2 New Net Name=NetC16_2
Change Net Name : Old Net Name=NetC19_2 New Net Name=NetC17_2
Change Net Name : Old Net Name=NetC20_2 New Net Name=NetC18_2
Change Net Name : Old Net Name=NetC22_2 New Net Name=NetC21_2
Change Net Name : Old Net Name=NetC25_2 New Net Name=NetC19_2
Change Net Name : Old Net Name=NetC26_2 New Net Name=NetC20_2
Change Net Name : Old Net Name=NetC?_1 New Net Name=NetC28_1
Change Net Name : Old Net Name=NetCC1310_24 New Net Name=NetCC1_24
Change Net Name : Old Net Name=NetD?_2 New Net Name=NetD1_2
Change Net Name : Old Net Name=NetR5_2 New Net Name=NetR3_2
Added Member To Class: ClassName=schematic Member=Component R10 Rcharge
Added Member To Class: ClassName=schematic Member=Component U6 74LVC2G14, Inverting Schmitt Trigger
Added Room: Name=schematic
