Removed Pin From Net: NetName=3V3 Pin=C1-1
Removed Pin From Net: NetName=GND Pin=C1-2
Removed Pin From Net: NetName=12V Pin=C2-1
Removed Pin From Net: NetName=GND Pin=C2-2
Removed Pin From Net: NetName=3V3 Pin=L1-2
Removed Pin From Net: NetName=3V3 Pin=R15-2
Removed Pin From Net: NetName=GND Pin=U1-1
Removed Pin From Net: NetName=12V Pin=U1-2
Removed Pin From Net: NetName=12V Pin=U1-3
Removed Pin From Net: NetName=GND Pin=U1-4
Removed Pin From Net: NetName=GND Pin=U1-5
Removed Pin From Net: NetName=3V3 Pin=U1-6
Removed Member From Class: ClassName=schematic Member=L2
Removed Member From Class: ClassName=schematic Member=R19
Change Component Designator: OldDesignator=C3 NewDesignator=C1
Change Component Designator: OldDesignator=C4 NewDesignator=C2
Change Component Designator: OldDesignator=C5 NewDesignator=C3
Change Component Designator: OldDesignator=L2 NewDesignator=L1
Change Component Designator: OldDesignator=P7 NewDesignator=P8
Change Component Designator: OldDesignator=P8 NewDesignator=P9
Change Component Designator: OldDesignator=P9 NewDesignator=P7
Change Component Designator: OldDesignator=R19 NewDesignator=R15
Change Component Designator: OldDesignator=U2 NewDesignator=U1
Added Component: Designator=C4(1206 (CAP))
Add component. Clean all parameters for all variants
Add component (AddParameter): Name = "LatestRevisionDate"; Value = "17-Jul-2002"; VariantName = "[No Variations]"
Add component (AddParameter): Name = "LatestRevisionNote"; Value = "Re-released for DXP Platform."; VariantName = "[No Variations]"
Add component (AddParameter): Name = "PackageDescription"; Value = "Radial Cap, Thru-Hole; 2 Leads; 0.3 in Pin Spacing"; VariantName = "[No Variations]"
Add component (AddParameter): Name = "PackageReference"; Value = "RAD-0.3"; VariantName = "[No Variations]"
Add component (AddParameter): Name = "Published"; Value = "8-Jun-2000"; VariantName = "[No Variations]"
Add component (AddParameter): Name = "Publisher"; Value = "Altium Limited"; VariantName = "[No Variations]"
Add component (AddParameter): Name = "Value"; Value = "22uF"; VariantName = "[No Variations]"
Added Component: Designator=C5(1210 (CAP))
Add component. Clean all parameters for all variants
Add component (AddParameter): Name = "LatestRevisionDate"; Value = "17-Jul-2002"; VariantName = "[No Variations]"
Add component (AddParameter): Name = "LatestRevisionNote"; Value = "Re-released for DXP Platform."; VariantName = "[No Variations]"
Add component (AddParameter): Name = "PackageDescription"; Value = "Radial Cap, Thru-Hole; 2 Leads; 0.3 in Pin Spacing"; VariantName = "[No Variations]"
Add component (AddParameter): Name = "PackageReference"; Value = "RAD-0.3"; VariantName = "[No Variations]"
Add component (AddParameter): Name = "Published"; Value = "8-Jun-2000"; VariantName = "[No Variations]"
Add component (AddParameter): Name = "Publisher"; Value = "Altium Limited"; VariantName = "[No Variations]"
Add component (AddParameter): Name = "Value"; Value = "10uF"; VariantName = "[No Variations]"
Added Component: Designator=C6(1206 (CAP))
Add component. Clean all parameters for all variants
Add component (AddParameter): Name = "LatestRevisionDate"; Value = "17-Jul-2002"; VariantName = "[No Variations]"
Add component (AddParameter): Name = "LatestRevisionNote"; Value = "Re-released for DXP Platform."; VariantName = "[No Variations]"
Add component (AddParameter): Name = "PackageDescription"; Value = "Radial Cap, Thru-Hole; 2 Leads; 0.3 in Pin Spacing"; VariantName = "[No Variations]"
Add component (AddParameter): Name = "PackageReference"; Value = "RAD-0.3"; VariantName = "[No Variations]"
Add component (AddParameter): Name = "Published"; Value = "8-Jun-2000"; VariantName = "[No Variations]"
Add component (AddParameter): Name = "Publisher"; Value = "Altium Limited"; VariantName = "[No Variations]"
Add component (AddParameter): Name = "Value"; Value = "22uF"; VariantName = "[No Variations]"
Added Component: Designator=U2(SOT-223)
Add component. Clean all parameters for all variants
Added Pin To Net: NetName=3V3 Pin=C4-1
Added Pin To Net: NetName=GND Pin=C4-2
Added Pin To Net: NetName=5V Pin=C5-1
Added Pin To Net: NetName=GND Pin=C5-2
Added Pin To Net: NetName=3V3 Pin=C6-1
Added Pin To Net: NetName=GND Pin=C6-2
Added Pin To Net: NetName=GND Pin=U2-1
Added Pin To Net: NetName=3V3 Pin=U2-2
Added Pin To Net: NetName=5V Pin=U2-3
Added Pin To Net: NetName=3V3 Pin=U2-4
Change Net Name : Old Net Name=NetC5_1 New Net Name=NetC3_1
Change Net Name : Old Net Name=NetL2_1 New Net Name=NetL1_1
Change Net Name : Old Net Name=NetP7_2 New Net Name=NetP8_2
Change Net Name : Old Net Name=NetP8_2 New Net Name=NetP9_2
Change Net Name : Old Net Name=NetR19_1 New Net Name=NetR15_1
Added Member To Class: ClassName=schematic Member=Component C6 GCJ31CR70J226KE01
Added Room: Name=schematic
